This is pdfTeX, Version 3.1415926-2.5-1.40.14 (MiKTeX 2.9 64-bit) (preloaded format=pdftex 2015.10.15)  21 OCT 2015 01:15
entering extended mode
**C:/Users/sggajjar/Documents/R/reprod_research_coursera/project2/PA2_template.
md

(C:/Users/sggajjar/Documents/R/reprod_research_coursera/project2/PA2_template.m
d
C:/Users/sggajjar/Documents/R/reprod_research_coursera/project2/PA2_template.md
:6: Missing $ inserted
I've inserted a begin-math/end-math symbol since I think
you left one out. Proceed, with fingers crossed.


C:/Users/sggajjar/Documents/R/reprod_research_coursera/project2/PA2_template.md
:11: Missing $ inserted
I've inserted a begin-math/end-math symbol since I think
you left one out. Proceed, with fingers crossed.


C:/Users/sggajjar/Documents/R/reprod_research_coursera/project2/PA2_template.md
:14: You can't use `macro parameter character #' in vertical mode
Sorry, but I'm not programmed to handle this case;
I'll just pretend that you didn't ask for it.
If you're in the wrong mode, you might be able to
return to the right one by typing `I}' or `I$' or `I\par'.


C:/Users/sggajjar/Documents/R/reprod_research_coursera/project2/PA2_template.md
:29: You can't use `macro parameter character #' in vertical mode
Sorry, but I'm not programmed to handle this case;
I'll just pretend that you didn't ask for it.
If you're in the wrong mode, you might be able to
return to the right one by typing `I}' or `I$' or `I\par'.


C:/Users/sggajjar/Documents/R/reprod_research_coursera/project2/PA2_template.md
:37: You can't use `macro parameter character #' in vertical mode
Sorry, but I'm not programmed to handle this case;
I'll just pretend that you didn't ask for it.
If you're in the wrong mode, you might be able to
return to the right one by typing `I}' or `I$' or `I\par'.


C:/Users/sggajjar/Documents/R/reprod_research_coursera/project2/PA2_template.md
:41: You can't use `macro parameter character #' in horizontal mode
Sorry, but I'm not programmed to handle this case;
I'll just pretend that you didn't ask for it.
If you're in the wrong mode, you might be able to
return to the right one by typing `I}' or `I$' or `I\par'.


C:/Users/sggajjar/Documents/R/reprod_research_coursera/project2/PA2_template.md
:44: You can't use `macro parameter character #' in vertical mode
Sorry, but I'm not programmed to handle this case;
I'll just pretend that you didn't ask for it.
If you're in the wrong mode, you might be able to
return to the right one by typing `I}' or `I$' or `I\par'.


C:/Users/sggajjar/Documents/R/reprod_research_coursera/project2/PA2_template.md
:49: You can't use `macro parameter character #' in horizontal mode
Sorry, but I'm not programmed to handle this case;
I'll just pretend that you didn't ask for it.
If you're in the wrong mode, you might be able to
return to the right one by typing `I}' or `I$' or `I\par'.


C:/Users/sggajjar/Documents/R/reprod_research_coursera/project2/PA2_template.md
:49: You can't use `macro parameter character #' in horizontal mode
Sorry, but I'm not programmed to handle this case;
I'll just pretend that you didn't ask for it.
If you're in the wrong mode, you might be able to
return to the right one by typing `I}' or `I$' or `I\par'.


C:/Users/sggajjar/Documents/R/reprod_research_coursera/project2/PA2_template.md
:50: You can't use `macro parameter character #' in horizontal mode
Sorry, but I'm not programmed to handle this case;
I'll just pretend that you didn't ask for it.
If you're in the wrong mode, you might be able to
return to the right one by typing `I}' or `I$' or `I\par'.


C:/Users/sggajjar/Documents/R/reprod_research_coursera/project2/PA2_template.md
:50: You can't use `macro parameter character #' in horizontal mode
Sorry, but I'm not programmed to handle this case;
I'll just pretend that you didn't ask for it.
If you're in the wrong mode, you might be able to
return to the right one by typing `I}' or `I$' or `I\par'.


C:/Users/sggajjar/Documents/R/reprod_research_coursera/project2/PA2_template.md
:50: Missing { inserted
A left brace was mandatory here, so I've put one in.
You might want to delete and/or insert some corrections
so that I will find a matching right brace soon.
(If you're confused by all this, try typing `I}' now.)


C:/Users/sggajjar/Documents/R/reprod_research_coursera/project2/PA2_template.md
:51: You can't use `macro parameter character #' in math mode
Sorry, but I'm not programmed to handle this case;
I'll just pretend that you didn't ask for it.
If you're in the wrong mode, you might be able to
return to the right one by typing `I}' or `I$' or `I\par'.


C:/Users/sggajjar/Documents/R/reprod_research_coursera/project2/PA2_template.md
:51: You can't use `macro parameter character #' in math mode
Sorry, but I'm not programmed to handle this case;
I'll just pretend that you didn't ask for it.
If you're in the wrong mode, you might be able to
return to the right one by typing `I}' or `I$' or `I\par'.


C:/Users/sggajjar/Documents/R/reprod_research_coursera/project2/PA2_template.md
:51: Missing } inserted
I've inserted something that you may have forgotten.
(See the <inserted text> above.)
With luck, this will get me unwedged. But if you
really didn't forget anything, try typing `2' now; then
my insertion and my current dilemma will both disappear.


C:/Users/sggajjar/Documents/R/reprod_research_coursera/project2/PA2_template.md
:51: Missing $ inserted
I've inserted a begin-math/end-math symbol since I think
you left one out. Proceed, with fingers crossed.


C:/Users/sggajjar/Documents/R/reprod_research_coursera/project2/PA2_template.md
:52: You can't use `macro parameter character #' in math mode
Sorry, but I'm not programmed to handle this case;
I'll just pretend that you didn't ask for it.
If you're in the wrong mode, you might be able to
return to the right one by typing `I}' or `I$' or `I\par'.


C:/Users/sggajjar/Documents/R/reprod_research_coursera/project2/PA2_template.md
:52: You can't use `macro parameter character #' in math mode
Sorry, but I'm not programmed to handle this case;
I'll just pretend that you didn't ask for it.
If you're in the wrong mode, you might be able to
return to the right one by typing `I}' or `I$' or `I\par'.


C:/Users/sggajjar/Documents/R/reprod_research_coursera/project2/PA2_template.md
:52: Missing $ inserted
I've inserted a begin-math/end-math symbol since I think
you left one out. Proceed, with fingers crossed.


C:/Users/sggajjar/Documents/R/reprod_research_coursera/project2/PA2_template.md
:53: You can't use `macro parameter character #' in math mode
Sorry, but I'm not programmed to handle this case;
I'll just pretend that you didn't ask for it.
If you're in the wrong mode, you might be able to
return to the right one by typing `I}' or `I$' or `I\par'.


C:/Users/sggajjar/Documents/R/reprod_research_coursera/project2/PA2_template.md
:53: You can't use `macro parameter character #' in math mode
Sorry, but I'm not programmed to handle this case;
I'll just pretend that you didn't ask for it.
If you're in the wrong mode, you might be able to
return to the right one by typing `I}' or `I$' or `I\par'.


C:/Users/sggajjar/Documents/R/reprod_research_coursera/project2/PA2_template.md
:53: Missing $ inserted
I've inserted a begin-math/end-math symbol since I think
you left one out. Proceed, with fingers crossed.


C:/Users/sggajjar/Documents/R/reprod_research_coursera/project2/PA2_template.md
:54: You can't use `macro parameter character #' in math mode
Sorry, but I'm not programmed to handle this case;
I'll just pretend that you didn't ask for it.
If you're in the wrong mode, you might be able to
return to the right one by typing `I}' or `I$' or `I\par'.


C:/Users/sggajjar/Documents/R/reprod_research_coursera/project2/PA2_template.md
:54: You can't use `macro parameter character #' in math mode
Sorry, but I'm not programmed to handle this case;
I'll just pretend that you didn't ask for it.
If you're in the wrong mode, you might be able to
return to the right one by typing `I}' or `I$' or `I\par'.


C:/Users/sggajjar/Documents/R/reprod_research_coursera/project2/PA2_template.md
:55: You can't use `macro parameter character #' in horizontal mode
Sorry, but I'm not programmed to handle this case;
I'll just pretend that you didn't ask for it.
If you're in the wrong mode, you might be able to
return to the right one by typing `I}' or `I$' or `I\par'.


C:/Users/sggajjar/Documents/R/reprod_research_coursera/project2/PA2_template.md
:55: You can't use `macro parameter character #' in horizontal mode
Sorry, but I'm not programmed to handle this case;
I'll just pretend that you didn't ask for it.
If you're in the wrong mode, you might be able to
return to the right one by typing `I}' or `I$' or `I\par'.


C:/Users/sggajjar/Documents/R/reprod_research_coursera/project2/PA2_template.md
:56: You can't use `macro parameter character #' in math mode
Sorry, but I'm not programmed to handle this case;
I'll just pretend that you didn't ask for it.
If you're in the wrong mode, you might be able to
return to the right one by typing `I}' or `I$' or `I\par'.


C:/Users/sggajjar/Documents/R/reprod_research_coursera/project2/PA2_template.md
:56: You can't use `macro parameter character #' in math mode
Sorry, but I'm not programmed to handle this case;
I'll just pretend that you didn't ask for it.
If you're in the wrong mode, you might be able to
return to the right one by typing `I}' or `I$' or `I\par'.


C:/Users/sggajjar/Documents/R/reprod_research_coursera/project2/PA2_template.md
:57: You can't use `macro parameter character #' in horizontal mode
Sorry, but I'm not programmed to handle this case;
I'll just pretend that you didn't ask for it.
If you're in the wrong mode, you might be able to
return to the right one by typing `I}' or `I$' or `I\par'.


C:/Users/sggajjar/Documents/R/reprod_research_coursera/project2/PA2_template.md
:57: You can't use `macro parameter character #' in horizontal mode
Sorry, but I'm not programmed to handle this case;
I'll just pretend that you didn't ask for it.
If you're in the wrong mode, you might be able to
return to the right one by typing `I}' or `I$' or `I\par'.


C:/Users/sggajjar/Documents/R/reprod_research_coursera/project2/PA2_template.md
:58: You can't use `macro parameter character #' in math mode
Sorry, but I'm not programmed to handle this case;
I'll just pretend that you didn't ask for it.
If you're in the wrong mode, you might be able to
return to the right one by typing `I}' or `I$' or `I\par'.


C:/Users/sggajjar/Documents/R/reprod_research_coursera/project2/PA2_template.md
:58: You can't use `macro parameter character #' in math mode
Sorry, but I'm not programmed to handle this case;
I'll just pretend that you didn't ask for it.
If you're in the wrong mode, you might be able to
return to the right one by typing `I}' or `I$' or `I\par'.


C:/Users/sggajjar/Documents/R/reprod_research_coursera/project2/PA2_template.md
:58: Missing $ inserted
I've inserted a begin-math/end-math symbol since I think
you left one out. Proceed, with fingers crossed.


C:/Users/sggajjar/Documents/R/reprod_research_coursera/project2/PA2_template.md
:59: You can't use `macro parameter character #' in math mode
Sorry, but I'm not programmed to handle this case;
I'll just pretend that you didn't ask for it.
If you're in the wrong mode, you might be able to
return to the right one by typing `I}' or `I$' or `I\par'.


C:/Users/sggajjar/Documents/R/reprod_research_coursera/project2/PA2_template.md
:59: You can't use `macro parameter character #' in math mode
Sorry, but I'm not programmed to handle this case;
I'll just pretend that you didn't ask for it.
If you're in the wrong mode, you might be able to
return to the right one by typing `I}' or `I$' or `I\par'.


C:/Users/sggajjar/Documents/R/reprod_research_coursera/project2/PA2_template.md
:59: Missing $ inserted
I've inserted a begin-math/end-math symbol since I think
you left one out. Proceed, with fingers crossed.


C:/Users/sggajjar/Documents/R/reprod_research_coursera/project2/PA2_template.md
:60: You can't use `macro parameter character #' in math mode
Sorry, but I'm not programmed to handle this case;
I'll just pretend that you didn't ask for it.
If you're in the wrong mode, you might be able to
return to the right one by typing `I}' or `I$' or `I\par'.


C:/Users/sggajjar/Documents/R/reprod_research_coursera/project2/PA2_template.md
:60: You can't use `macro parameter character #' in math mode
Sorry, but I'm not programmed to handle this case;
I'll just pretend that you didn't ask for it.
If you're in the wrong mode, you might be able to
return to the right one by typing `I}' or `I$' or `I\par'.


C:/Users/sggajjar/Documents/R/reprod_research_coursera/project2/PA2_template.md
:60: Missing $ inserted
I've inserted a begin-math/end-math symbol since I think
you left one out. Proceed, with fingers crossed.


C:/Users/sggajjar/Documents/R/reprod_research_coursera/project2/PA2_template.md
:61: You can't use `macro parameter character #' in math mode
Sorry, but I'm not programmed to handle this case;
I'll just pretend that you didn't ask for it.
If you're in the wrong mode, you might be able to
return to the right one by typing `I}' or `I$' or `I\par'.


C:/Users/sggajjar/Documents/R/reprod_research_coursera/project2/PA2_template.md
:61: You can't use `macro parameter character #' in math mode
Sorry, but I'm not programmed to handle this case;
I'll just pretend that you didn't ask for it.
If you're in the wrong mode, you might be able to
return to the right one by typing `I}' or `I$' or `I\par'.


C:/Users/sggajjar/Documents/R/reprod_research_coursera/project2/PA2_template.md
:61: Missing $ inserted
I've inserted a begin-math/end-math symbol since I think
you left one out. Proceed, with fingers crossed.


C:/Users/sggajjar/Documents/R/reprod_research_coursera/project2/PA2_template.md
:62: You can't use `macro parameter character #' in math mode
Sorry, but I'm not programmed to handle this case;
I'll just pretend that you didn't ask for it.
If you're in the wrong mode, you might be able to
return to the right one by typing `I}' or `I$' or `I\par'.


C:/Users/sggajjar/Documents/R/reprod_research_coursera/project2/PA2_template.md
:62: You can't use `macro parameter character #' in math mode
Sorry, but I'm not programmed to handle this case;
I'll just pretend that you didn't ask for it.
If you're in the wrong mode, you might be able to
return to the right one by typing `I}' or `I$' or `I\par'.


C:/Users/sggajjar/Documents/R/reprod_research_coursera/project2/PA2_template.md
:62: Missing $ inserted
I've inserted a begin-math/end-math symbol since I think
you left one out. Proceed, with fingers crossed.


C:/Users/sggajjar/Documents/R/reprod_research_coursera/project2/PA2_template.md
:63: You can't use `macro parameter character #' in math mode
Sorry, but I'm not programmed to handle this case;
I'll just pretend that you didn't ask for it.
If you're in the wrong mode, you might be able to
return to the right one by typing `I}' or `I$' or `I\par'.


C:/Users/sggajjar/Documents/R/reprod_research_coursera/project2/PA2_template.md
:63: You can't use `macro parameter character #' in math mode
Sorry, but I'm not programmed to handle this case;
I'll just pretend that you didn't ask for it.
If you're in the wrong mode, you might be able to
return to the right one by typing `I}' or `I$' or `I\par'.


C:/Users/sggajjar/Documents/R/reprod_research_coursera/project2/PA2_template.md
:63: Missing $ inserted
I've inserted a begin-math/end-math symbol since I think
you left one out. Proceed, with fingers crossed.


C:/Users/sggajjar/Documents/R/reprod_research_coursera/project2/PA2_template.md
:64: You can't use `macro parameter character #' in math mode
Sorry, but I'm not programmed to handle this case;
I'll just pretend that you didn't ask for it.
If you're in the wrong mode, you might be able to
return to the right one by typing `I}' or `I$' or `I\par'.


C:/Users/sggajjar/Documents/R/reprod_research_coursera/project2/PA2_template.md
:64: You can't use `macro parameter character #' in math mode
Sorry, but I'm not programmed to handle this case;
I'll just pretend that you didn't ask for it.
If you're in the wrong mode, you might be able to
return to the right one by typing `I}' or `I$' or `I\par'.


C:/Users/sggajjar/Documents/R/reprod_research_coursera/project2/PA2_template.md
:65: You can't use `macro parameter character #' in horizontal mode
Sorry, but I'm not programmed to handle this case;
I'll just pretend that you didn't ask for it.
If you're in the wrong mode, you might be able to
return to the right one by typing `I}' or `I$' or `I\par'.


C:/Users/sggajjar/Documents/R/reprod_research_coursera/project2/PA2_template.md
:65: You can't use `macro parameter character #' in horizontal mode
Sorry, but I'm not programmed to handle this case;
I'll just pretend that you didn't ask for it.
If you're in the wrong mode, you might be able to
return to the right one by typing `I}' or `I$' or `I\par'.


C:/Users/sggajjar/Documents/R/reprod_research_coursera/project2/PA2_template.md
:66: You can't use `macro parameter character #' in math mode
Sorry, but I'm not programmed to handle this case;
I'll just pretend that you didn't ask for it.
If you're in the wrong mode, you might be able to
return to the right one by typing `I}' or `I$' or `I\par'.


C:/Users/sggajjar/Documents/R/reprod_research_coursera/project2/PA2_template.md
:66: You can't use `macro parameter character #' in math mode
Sorry, but I'm not programmed to handle this case;
I'll just pretend that you didn't ask for it.
If you're in the wrong mode, you might be able to
return to the right one by typing `I}' or `I$' or `I\par'.


C:/Users/sggajjar/Documents/R/reprod_research_coursera/project2/PA2_template.md
:66: Missing $ inserted
I've inserted a begin-math/end-math symbol since I think
you left one out. Proceed, with fingers crossed.


C:/Users/sggajjar/Documents/R/reprod_research_coursera/project2/PA2_template.md
:67: You can't use `macro parameter character #' in math mode
Sorry, but I'm not programmed to handle this case;
I'll just pretend that you didn't ask for it.
If you're in the wrong mode, you might be able to
return to the right one by typing `I}' or `I$' or `I\par'.


C:/Users/sggajjar/Documents/R/reprod_research_coursera/project2/PA2_template.md
:67: You can't use `macro parameter character #' in math mode
Sorry, but I'm not programmed to handle this case;
I'll just pretend that you didn't ask for it.
If you're in the wrong mode, you might be able to
return to the right one by typing `I}' or `I$' or `I\par'.


C:/Users/sggajjar/Documents/R/reprod_research_coursera/project2/PA2_template.md
:67: Missing $ inserted
I've inserted a begin-math/end-math symbol since I think
you left one out. Proceed, with fingers crossed.


C:/Users/sggajjar/Documents/R/reprod_research_coursera/project2/PA2_template.md
:68: You can't use `macro parameter character #' in math mode
Sorry, but I'm not programmed to handle this case;
I'll just pretend that you didn't ask for it.
If you're in the wrong mode, you might be able to
return to the right one by typing `I}' or `I$' or `I\par'.


C:/Users/sggajjar/Documents/R/reprod_research_coursera/project2/PA2_template.md
:68: You can't use `macro parameter character #' in math mode
Sorry, but I'm not programmed to handle this case;
I'll just pretend that you didn't ask for it.
If you're in the wrong mode, you might be able to
return to the right one by typing `I}' or `I$' or `I\par'.


C:/Users/sggajjar/Documents/R/reprod_research_coursera/project2/PA2_template.md
:69: You can't use `macro parameter character #' in horizontal mode
Sorry, but I'm not programmed to handle this case;
I'll just pretend that you didn't ask for it.
If you're in the wrong mode, you might be able to
return to the right one by typing `I}' or `I$' or `I\par'.


C:/Users/sggajjar/Documents/R/reprod_research_coursera/project2/PA2_template.md
:69: You can't use `macro parameter character #' in horizontal mode
Sorry, but I'm not programmed to handle this case;
I'll just pretend that you didn't ask for it.
If you're in the wrong mode, you might be able to
return to the right one by typing `I}' or `I$' or `I\par'.


C:/Users/sggajjar/Documents/R/reprod_research_coursera/project2/PA2_template.md
:70: You can't use `macro parameter character #' in math mode
Sorry, but I'm not programmed to handle this case;
I'll just pretend that you didn't ask for it.
If you're in the wrong mode, you might be able to
return to the right one by typing `I}' or `I$' or `I\par'.


C:/Users/sggajjar/Documents/R/reprod_research_coursera/project2/PA2_template.md
:70: You can't use `macro parameter character #' in math mode
Sorry, but I'm not programmed to handle this case;
I'll just pretend that you didn't ask for it.
If you're in the wrong mode, you might be able to
return to the right one by typing `I}' or `I$' or `I\par'.


C:/Users/sggajjar/Documents/R/reprod_research_coursera/project2/PA2_template.md
:71: You can't use `macro parameter character #' in horizontal mode
Sorry, but I'm not programmed to handle this case;
I'll just pretend that you didn't ask for it.
If you're in the wrong mode, you might be able to
return to the right one by typing `I}' or `I$' or `I\par'.


C:/Users/sggajjar/Documents/R/reprod_research_coursera/project2/PA2_template.md
:71: You can't use `macro parameter character #' in horizontal mode
Sorry, but I'm not programmed to handle this case;
I'll just pretend that you didn't ask for it.
If you're in the wrong mode, you might be able to
return to the right one by typing `I}' or `I$' or `I\par'.


C:/Users/sggajjar/Documents/R/reprod_research_coursera/project2/PA2_template.md
:72: You can't use `macro parameter character #' in math mode
Sorry, but I'm not programmed to handle this case;
I'll just pretend that you didn't ask for it.
If you're in the wrong mode, you might be able to
return to the right one by typing `I}' or `I$' or `I\par'.


C:/Users/sggajjar/Documents/R/reprod_research_coursera/project2/PA2_template.md
:72: You can't use `macro parameter character #' in math mode
Sorry, but I'm not programmed to handle this case;
I'll just pretend that you didn't ask for it.
If you're in the wrong mode, you might be able to
return to the right one by typing `I}' or `I$' or `I\par'.


C:/Users/sggajjar/Documents/R/reprod_research_coursera/project2/PA2_template.md
:73: You can't use `macro parameter character #' in horizontal mode
Sorry, but I'm not programmed to handle this case;
I'll just pretend that you didn't ask for it.
If you're in the wrong mode, you might be able to
return to the right one by typing `I}' or `I$' or `I\par'.


C:/Users/sggajjar/Documents/R/reprod_research_coursera/project2/PA2_template.md
:73: You can't use `macro parameter character #' in horizontal mode
Sorry, but I'm not programmed to handle this case;
I'll just pretend that you didn't ask for it.
If you're in the wrong mode, you might be able to
return to the right one by typing `I}' or `I$' or `I\par'.


C:/Users/sggajjar/Documents/R/reprod_research_coursera/project2/PA2_template.md
:74: You can't use `macro parameter character #' in math mode
Sorry, but I'm not programmed to handle this case;
I'll just pretend that you didn't ask for it.
If you're in the wrong mode, you might be able to
return to the right one by typing `I}' or `I$' or `I\par'.


C:/Users/sggajjar/Documents/R/reprod_research_coursera/project2/PA2_template.md
:74: You can't use `macro parameter character #' in math mode
Sorry, but I'm not programmed to handle this case;
I'll just pretend that you didn't ask for it.
If you're in the wrong mode, you might be able to
return to the right one by typing `I}' or `I$' or `I\par'.


C:/Users/sggajjar/Documents/R/reprod_research_coursera/project2/PA2_template.md
:75: You can't use `macro parameter character #' in horizontal mode
Sorry, but I'm not programmed to handle this case;
I'll just pretend that you didn't ask for it.
If you're in the wrong mode, you might be able to
return to the right one by typing `I}' or `I$' or `I\par'.


C:/Users/sggajjar/Documents/R/reprod_research_coursera/project2/PA2_template.md
:75: You can't use `macro parameter character #' in horizontal mode
Sorry, but I'm not programmed to handle this case;
I'll just pretend that you didn't ask for it.
If you're in the wrong mode, you might be able to
return to the right one by typing `I}' or `I$' or `I\par'.


C:/Users/sggajjar/Documents/R/reprod_research_coursera/project2/PA2_template.md
:76: You can't use `macro parameter character #' in math mode
Sorry, but I'm not programmed to handle this case;
I'll just pretend that you didn't ask for it.
If you're in the wrong mode, you might be able to
return to the right one by typing `I}' or `I$' or `I\par'.


C:/Users/sggajjar/Documents/R/reprod_research_coursera/project2/PA2_template.md
:76: You can't use `macro parameter character #' in math mode
Sorry, but I'm not programmed to handle this case;
I'll just pretend that you didn't ask for it.
If you're in the wrong mode, you might be able to
return to the right one by typing `I}' or `I$' or `I\par'.


C:/Users/sggajjar/Documents/R/reprod_research_coursera/project2/PA2_template.md
:77: You can't use `macro parameter character #' in horizontal mode
Sorry, but I'm not programmed to handle this case;
I'll just pretend that you didn't ask for it.
If you're in the wrong mode, you might be able to
return to the right one by typing `I}' or `I$' or `I\par'.


C:/Users/sggajjar/Documents/R/reprod_research_coursera/project2/PA2_template.md
:77: You can't use `macro parameter character #' in horizontal mode
Sorry, but I'm not programmed to handle this case;
I'll just pretend that you didn't ask for it.
If you're in the wrong mode, you might be able to
return to the right one by typing `I}' or `I$' or `I\par'.


C:/Users/sggajjar/Documents/R/reprod_research_coursera/project2/PA2_template.md
:78: You can't use `macro parameter character #' in math mode
Sorry, but I'm not programmed to handle this case;
I'll just pretend that you didn't ask for it.
If you're in the wrong mode, you might be able to
return to the right one by typing `I}' or `I$' or `I\par'.


C:/Users/sggajjar/Documents/R/reprod_research_coursera/project2/PA2_template.md
:78: You can't use `macro parameter character #' in math mode
Sorry, but I'm not programmed to handle this case;
I'll just pretend that you didn't ask for it.
If you're in the wrong mode, you might be able to
return to the right one by typing `I}' or `I$' or `I\par'.


C:/Users/sggajjar/Documents/R/reprod_research_coursera/project2/PA2_template.md
:79: You can't use `macro parameter character #' in math mode
Sorry, but I'm not programmed to handle this case;
I'll just pretend that you didn't ask for it.
If you're in the wrong mode, you might be able to
return to the right one by typing `I}' or `I$' or `I\par'.


C:/Users/sggajjar/Documents/R/reprod_research_coursera/project2/PA2_template.md
:79: You can't use `macro parameter character #' in math mode
Sorry, but I'm not programmed to handle this case;
I'll just pretend that you didn't ask for it.
If you're in the wrong mode, you might be able to
return to the right one by typing `I}' or `I$' or `I\par'.


C:/Users/sggajjar/Documents/R/reprod_research_coursera/project2/PA2_template.md
:80: You can't use `macro parameter character #' in horizontal mode
Sorry, but I'm not programmed to handle this case;
I'll just pretend that you didn't ask for it.
If you're in the wrong mode, you might be able to
return to the right one by typing `I}' or `I$' or `I\par'.


C:/Users/sggajjar/Documents/R/reprod_research_coursera/project2/PA2_template.md
:80: You can't use `macro parameter character #' in horizontal mode
Sorry, but I'm not programmed to handle this case;
I'll just pretend that you didn't ask for it.
If you're in the wrong mode, you might be able to
return to the right one by typing `I}' or `I$' or `I\par'.


C:/Users/sggajjar/Documents/R/reprod_research_coursera/project2/PA2_template.md
:80: Missing { inserted
A left brace was mandatory here, so I've put one in.
You might want to delete and/or insert some corrections
so that I will find a matching right brace soon.
(If you're confused by all this, try typing `I}' now.)


C:/Users/sggajjar/Documents/R/reprod_research_coursera/project2/PA2_template.md
:80: Missing { inserted
A left brace was mandatory here, so I've put one in.
You might want to delete and/or insert some corrections
so that I will find a matching right brace soon.
(If you're confused by all this, try typing `I}' now.)


C:/Users/sggajjar/Documents/R/reprod_research_coursera/project2/PA2_template.md
:81: You can't use `macro parameter character #' in math mode
Sorry, but I'm not programmed to handle this case;
I'll just pretend that you didn't ask for it.
If you're in the wrong mode, you might be able to
return to the right one by typing `I}' or `I$' or `I\par'.


C:/Users/sggajjar/Documents/R/reprod_research_coursera/project2/PA2_template.md
:81: You can't use `macro parameter character #' in math mode
Sorry, but I'm not programmed to handle this case;
I'll just pretend that you didn't ask for it.
If you're in the wrong mode, you might be able to
return to the right one by typing `I}' or `I$' or `I\par'.


C:/Users/sggajjar/Documents/R/reprod_research_coursera/project2/PA2_template.md
:81: Missing } inserted
I've inserted something that you may have forgotten.
(See the <inserted text> above.)
With luck, this will get me unwedged. But if you
really didn't forget anything, try typing `2' now; then
my insertion and my current dilemma will both disappear.


C:/Users/sggajjar/Documents/R/reprod_research_coursera/project2/PA2_template.md
:81: Missing } inserted
I've inserted something that you may have forgotten.
(See the <inserted text> above.)
With luck, this will get me unwedged. But if you
really didn't forget anything, try typing `2' now; then
my insertion and my current dilemma will both disappear.


C:/Users/sggajjar/Documents/R/reprod_research_coursera/project2/PA2_template.md
:82: You can't use `macro parameter character #' in horizontal mode
Sorry, but I'm not programmed to handle this case;
I'll just pretend that you didn't ask for it.
If you're in the wrong mode, you might be able to
return to the right one by typing `I}' or `I$' or `I\par'.


C:/Users/sggajjar/Documents/R/reprod_research_coursera/project2/PA2_template.md
:82: You can't use `macro parameter character #' in horizontal mode
Sorry, but I'm not programmed to handle this case;
I'll just pretend that you didn't ask for it.
If you're in the wrong mode, you might be able to
return to the right one by typing `I}' or `I$' or `I\par'.


C:/Users/sggajjar/Documents/R/reprod_research_coursera/project2/PA2_template.md
:83: You can't use `macro parameter character #' in math mode
Sorry, but I'm not programmed to handle this case;
I'll just pretend that you didn't ask for it.
If you're in the wrong mode, you might be able to
return to the right one by typing `I}' or `I$' or `I\par'.


C:/Users/sggajjar/Documents/R/reprod_research_coursera/project2/PA2_template.md
:83: You can't use `macro parameter character #' in math mode
Sorry, but I'm not programmed to handle this case;
I'll just pretend that you didn't ask for it.
If you're in the wrong mode, you might be able to
return to the right one by typing `I}' or `I$' or `I\par'.


C:/Users/sggajjar/Documents/R/reprod_research_coursera/project2/PA2_template.md
:83: Missing $ inserted
I've inserted a begin-math/end-math symbol since I think
you left one out. Proceed, with fingers crossed.


C:/Users/sggajjar/Documents/R/reprod_research_coursera/project2/PA2_template.md
:84: You can't use `macro parameter character #' in math mode
Sorry, but I'm not programmed to handle this case;
I'll just pretend that you didn't ask for it.
If you're in the wrong mode, you might be able to
return to the right one by typing `I}' or `I$' or `I\par'.


C:/Users/sggajjar/Documents/R/reprod_research_coursera/project2/PA2_template.md
:84: You can't use `macro parameter character #' in math mode
Sorry, but I'm not programmed to handle this case;
I'll just pretend that you didn't ask for it.
If you're in the wrong mode, you might be able to
return to the right one by typing `I}' or `I$' or `I\par'.


C:/Users/sggajjar/Documents/R/reprod_research_coursera/project2/PA2_template.md
:84: Missing $ inserted
I've inserted a begin-math/end-math symbol since I think
you left one out. Proceed, with fingers crossed.


C:/Users/sggajjar/Documents/R/reprod_research_coursera/project2/PA2_template.md
:85: You can't use `macro parameter character #' in math mode
Sorry, but I'm not programmed to handle this case;
I'll just pretend that you didn't ask for it.
If you're in the wrong mode, you might be able to
return to the right one by typing `I}' or `I$' or `I\par'.


C:/Users/sggajjar/Documents/R/reprod_research_coursera/project2/PA2_template.md
:85: You can't use `macro parameter character #' in math mode
Sorry, but I'm not programmed to handle this case;
I'll just pretend that you didn't ask for it.
If you're in the wrong mode, you might be able to
return to the right one by typing `I}' or `I$' or `I\par'.


C:/Users/sggajjar/Documents/R/reprod_research_coursera/project2/PA2_template.md
:85: Undefined control sequence
The control sequence at the end of the top line
of your error message was never \def'ed. If you have
misspelled it (e.g., `\hobx'), type `I' and the correct
spelling (e.g., `I\hbox'). Otherwise just continue,
and I'll forget about whatever was undefined.


C:/Users/sggajjar/Documents/R/reprod_research_coursera/project2/PA2_template.md
:86: You can't use `macro parameter character #' in horizontal mode
Sorry, but I'm not programmed to handle this case;
I'll just pretend that you didn't ask for it.
If you're in the wrong mode, you might be able to
return to the right one by typing `I}' or `I$' or `I\par'.


C:/Users/sggajjar/Documents/R/reprod_research_coursera/project2/PA2_template.md
:86: You can't use `macro parameter character #' in horizontal mode
Sorry, but I'm not programmed to handle this case;
I'll just pretend that you didn't ask for it.
If you're in the wrong mode, you might be able to
return to the right one by typing `I}' or `I$' or `I\par'.


C:/Users/sggajjar/Documents/R/reprod_research_coursera/project2/PA2_template.md
:88: Missing $ inserted
I've inserted a begin-math/end-math symbol since I think
you left one out. Proceed, with fingers crossed.


Overfull \hbox (61.41647pt too wide) in paragraph at lines 48--88
[]\tenrm ```  'data.frame': 902297 obs. of 37 vari-ables:  $\teni STATE[]$ \ten
rm BGN$[]\teni ATE \tenrm : \teni Factorw=\tenrm 16335\teni levels\tenrm "1\ten
i =\tenrm 1\teni =\tenrm 19660 :|

\hbox(7.5+2.5)x469.75499, glue set - 1.0
.\hbox(0.0+0.0)x20.0
.\tenrm \ (ligature ``)
.\tenrm `
.\glue 3.33333 plus 1.66666 minus 1.11111
.\glue 3.33333 plus 1.66666 minus 1.11111
.etc.


Overfull \hbox (45.26033pt too wide) in paragraph at lines 48--88
\tenrm 00\teni AM\tenrm "\teni ; :: \tenrm : 2722872705168325843186242168331863
186\teni :::$ \tenrm TIME$[]\teni ONE \tenrm : \teni Factorw=\tenrm 22\teni lev
els\tenrm "\teni ADT\tenrm "\teni ; \tenrm "\teni AKS\tenrm "\teni ; \tenrm "\t
eni AST\tenrm "\teni ; :: \tenrm :|

\hbox(7.5+2.5)x469.75499, glue set - 1.0
.\tenrm 0
.\tenrm 0
.\teni A
.\teni M
.\kern1.09026
.etc.


Overfull \hbox (312.96756pt too wide) in paragraph at lines 48--88
\tenrm 7777777777\teni :::$ \tenrm COUNTY : num 97 3 57 89 43 77 9 123 125 57 .
..  $\teni COUNTYNAME \tenrm : \teni Factorw=\tenrm 29601\teni levels\tenrm ""\
teni ; \tenrm "5\teni NMEOFMACKINACBRIDGETOPRESQUEISLELTMI\tenrm "\teni ; :: \t
enrm :|

\hbox(7.5+2.5)x469.75499, glue set - 1.0
.\tenrm 7
.\tenrm 7
.\tenrm 7
.\tenrm 7
.\tenrm 7
.etc.


Overfull \hbox (51.23616pt too wide) in paragraph at lines 48--88
\tenrm 2 2 2 2 2 2 2 2 ...  $\teni EVTYPE \tenrm : \teni Factorw=\tenrm 985\ten
i levels\tenrm "\teni HIGHSURFADVISORY\tenrm "\teni ; :: \tenrm : 8348348348348
34834834834834834\teni :::$|

\hbox(7.5+2.5)x469.75499, glue set - 1.0
.\tenrm 2
.\glue 3.33333 plus 1.66666 minus 1.11111
.\tenrm 2
.\glue 3.33333 plus 1.66666 minus 1.11111
.\tenrm 2
.etc.


Overfull \hbox (26.26813pt too wide) in paragraph at lines 48--88
\tenrm BGN$[]\teni ANGE \tenrm : \teni num\tenrm 0000000000\teni :::$ \tenrm BG
N$[]\teni ZI \tenrm : \teni Factorw=\tenrm 35\teni levels\tenrm ""\teni ; \tenr
m "\teni N\tenrm "\teni ; \tenrm "\teni NW\tenrm "\teni ; :: \tenrm : 111111111
1\teni :::$ \tenrm BGN$[]\teni OCATI \tenrm :|

\hbox(7.5+2.5)x469.75499, glue set - 1.0
.\tenrm B
.\tenrm G
.\tenrm N
.\mathon
.\hbox(4.78334+0.0)x6.56009, shifted 1.49998
..\seveni R
.etc.


Overfull \hbox (11.50339pt too wide) in paragraph at lines 48--88
\tenrm 00 : 00"\teni ; :: \tenrm : 1111111111\teni :::$ \tenrm END$[]\teni IME 
\tenrm : \teni Factorw=\tenrm 3647\teni levels\tenrm ""\teni ; \tenrm "0900\ten
i CST\tenrm "\teni ; :: \tenrm : 1111111111\teni :::$ \tenrm COUNTY$[]\teni ND 
\tenrm :|

\hbox(7.5+2.5)x469.75499, glue set - 1.0
.\tenrm 0
.\tenrm 0
.\glue(\thickmuskip) 2.77771 plus 2.77771
.\tenrm :
.\penalty 500
.etc.


Overfull \hbox (39.12555pt too wide) in paragraph at lines 48--88
\tenrm END$[]\teni ZI \tenrm : \teni Factorw=\tenrm 24\teni levels\tenrm ""\ten
i ; \tenrm "\teni E\tenrm "\teni ; \tenrm "\teni ENE\tenrm "\teni ; \tenrm "\te
ni ESE\tenrm "\teni ; :: \tenrm : 1111111111\teni :::$ \tenrm END$[]\teni OCATI
 \tenrm : \teni Factorw=\tenrm 34506\teni levels\tenrm ""\teni ; \tenrm " \tens
y  |

\hbox(7.5+2.5)x469.75499, glue set - 1.0
.\tenrm E
.\tenrm N
.\tenrm D
.\mathon
.\hbox(4.78334+0.0)x6.51392, shifted 1.49998
..\seveni A
.etc.


Overfull \hbox (73.42549pt too wide) in paragraph at lines 48--88
\teni :\tenrm 5\teni NNW\tenrm "\teni ; :: \tenrm : 1111111111\teni :::$ \tenrm
 LENGTH : num 14 2 0.1 0 0 1.5 1.5 0 3.3 2.3 ...  $\teni WIDTH \tenrm : \teni n
um\tenrm 1001501231001501773333100100\teni :::$|

\hbox(6.94444+1.94444)x469.75499, glue set - 1.0
.\teni :
.\tenrm 5
.\teni N
.\kern1.09026
.\teni N
.etc.


C:/Users/sggajjar/Documents/R/reprod_research_coursera/project2/PA2_template.md
:90: You can't use `macro parameter character #' in horizontal mode
Sorry, but I'm not programmed to handle this case;
I'll just pretend that you didn't ask for it.
If you're in the wrong mode, you might be able to
return to the right one by typing `I}' or `I$' or `I\par'.


Overfull \hbox (11.0097pt too wide) in paragraph at lines 89--95
[]\tenrm ```r  sub-set event type from data event.type <- c("EVTYPE", "FA-TAL-I
-TIES", "IN-JURIES", "PROPDMG",|

\hbox(7.5+2.5)x469.75499, glue set - 1.0
.\hbox(0.0+0.0)x20.0
.\tenrm \ (ligature ``)
.\tenrm `
.\tenrm r
.\glue 3.33333 plus 1.66666 minus 1.11111
.etc.


C:/Users/sggajjar/Documents/R/reprod_research_coursera/project2/PA2_template.md
:96: You can't use `macro parameter character #' in vertical mode
Sorry, but I'm not programmed to handle this case;
I'll just pretend that you didn't ask for it.
If you're in the wrong mode, you might be able to
return to the right one by typing `I}' or `I$' or `I\par'.


C:/Users/sggajjar/Documents/R/reprod_research_coursera/project2/PA2_template.md
:98: You can't use `macro parameter character #' in vertical mode
Sorry, but I'm not programmed to handle this case;
I'll just pretend that you didn't ask for it.
If you're in the wrong mode, you might be able to
return to the right one by typing `I}' or `I$' or `I\par'.


C:/Users/sggajjar/Documents/R/reprod_research_coursera/project2/PA2_template.md
:98: You can't use `macro parameter character #' in vertical mode
Sorry, but I'm not programmed to handle this case;
I'll just pretend that you didn't ask for it.
If you're in the wrong mode, you might be able to
return to the right one by typing `I}' or `I$' or `I\par'.


C:/Users/sggajjar/Documents/R/reprod_research_coursera/project2/PA2_template.md
:103: You can't use `macro parameter character #' in horizontal mode
Sorry, but I'm not programmed to handle this case;
I'll just pretend that you didn't ask for it.
If you're in the wrong mode, you might be able to
return to the right one by typing `I}' or `I$' or `I\par'.


C:/Users/sggajjar/Documents/R/reprod_research_coursera/project2/PA2_template.md
:105: Missing $ inserted
I've inserted a begin-math/end-math symbol since I think
you left one out. Proceed, with fingers crossed.


C:/Users/sggajjar/Documents/R/reprod_research_coursera/project2/PA2_template.md
:106: You can't use `macro parameter character #' in vertical mode
Sorry, but I'm not programmed to handle this case;
I'll just pretend that you didn't ask for it.
If you're in the wrong mode, you might be able to
return to the right one by typing `I}' or `I$' or `I\par'.


C:/Users/sggajjar/Documents/R/reprod_research_coursera/project2/PA2_template.md
:108: Missing $ inserted
I've inserted a begin-math/end-math symbol since I think
you left one out. Proceed, with fingers crossed.


C:/Users/sggajjar/Documents/R/reprod_research_coursera/project2/PA2_template.md
:115: Missing $ inserted
I've inserted a begin-math/end-math symbol since I think
you left one out. Proceed, with fingers crossed.


Overfull \hbox (22.23296pt too wide) in paragraph at lines 106--115
[]\tenrm plot p1 <- gg-plot(data.injuries[1:10, ], aes(factor(EVTYPE), y = x)) 
+ geom$[]\teni ar\tenrm (\teni aes\tenrm (\teni fill \tenrm = \teni EVTYPE\tenr
m )\teni ; stat \tenrm =|

\hbox(7.5+2.5)x469.75499, glue set - 1.0
.\hbox(0.0+0.0)x20.0
.\tenrm p
.\tenrm l
.\tenrm o
.\tenrm t
.etc.


Overfull \hbox (6.95576pt too wide) in paragraph at lines 106--115
\tenrm "\teni identity\tenrm ") + \teni theme[]w\tenrm () + \teni xlab\tenrm ("
\teni EventType\tenrm ") + \teni ylab\tenrm ("\teni Injuriescaused\tenrm ") + \
teni ggtitle\tenrm ("\teni Top\tenrm 10\teni causesofinjuries\tenrm ") +|

\hbox(7.5+2.5)x469.75499, glue set - 1.0
.\tenrm "
.\teni i
.\teni d
.\teni e
.\teni n
.etc.

 [1{C:/ProgramData/MiKTeX/2.9/pdftex/config/pdftex.map}]
C:/Users/sggajjar/Documents/R/reprod_research_coursera/project2/PA2_template.md
:116: You can't use `macro parameter character #' in vertical mode
Sorry, but I'm not programmed to handle this case;
I'll just pretend that you didn't ask for it.
If you're in the wrong mode, you might be able to
return to the right one by typing `I}' or `I$' or `I\par'.


C:/Users/sggajjar/Documents/R/reprod_research_coursera/project2/PA2_template.md
:116: You can't use `macro parameter character #' in vertical mode
Sorry, but I'm not programmed to handle this case;
I'll just pretend that you didn't ask for it.
If you're in the wrong mode, you might be able to
return to the right one by typing `I}' or `I$' or `I\par'.


C:/Users/sggajjar/Documents/R/reprod_research_coursera/project2/PA2_template.md
:121: You can't use `macro parameter character #' in horizontal mode
Sorry, but I'm not programmed to handle this case;
I'll just pretend that you didn't ask for it.
If you're in the wrong mode, you might be able to
return to the right one by typing `I}' or `I$' or `I\par'.


C:/Users/sggajjar/Documents/R/reprod_research_coursera/project2/PA2_template.md
:123: Missing $ inserted
I've inserted a begin-math/end-math symbol since I think
you left one out. Proceed, with fingers crossed.


C:/Users/sggajjar/Documents/R/reprod_research_coursera/project2/PA2_template.md
:124: You can't use `macro parameter character #' in vertical mode
Sorry, but I'm not programmed to handle this case;
I'll just pretend that you didn't ask for it.
If you're in the wrong mode, you might be able to
return to the right one by typing `I}' or `I$' or `I\par'.


C:/Users/sggajjar/Documents/R/reprod_research_coursera/project2/PA2_template.md
:126: Missing $ inserted
I've inserted a begin-math/end-math symbol since I think
you left one out. Proceed, with fingers crossed.


C:/Users/sggajjar/Documents/R/reprod_research_coursera/project2/PA2_template.md
:133: Missing $ inserted
I've inserted a begin-math/end-math symbol since I think
you left one out. Proceed, with fingers crossed.


Overfull \hbox (14.64961pt too wide) in paragraph at lines 124--133
[]\tenrm plot p2 <- gg-plot(data.death[1:10, ], aes(factor(EVTYPE), y = x)) + g
eom$[]\teni ar\tenrm (\teni aes\tenrm (\teni fill \tenrm = \teni EVTYPE\tenrm )
\teni ; stat \tenrm =|

\hbox(7.5+2.5)x469.75499, glue set - 1.0
.\hbox(0.0+0.0)x20.0
.\tenrm p
.\tenrm l
.\tenrm o
.\tenrm t
.etc.


Overfull \hbox (18.54765pt too wide) in paragraph at lines 124--133
\tenrm "\teni identity\tenrm ") + \teni theme[]w\tenrm () + \teni xlab\tenrm ("
\teni EventType\tenrm ") + \teni ylab\tenrm ("\teni Fatalitiescaused\tenrm ") +
 \teni ggtitle\tenrm ("\teni Top\tenrm 10\teni causesoffatalities\tenrm ") +|

\hbox(7.5+2.5)x469.75499, glue set - 1.0
.\tenrm "
.\teni i
.\teni d
.\teni e
.\teni n
.etc.


C:/Users/sggajjar/Documents/R/reprod_research_coursera/project2/PA2_template.md
:134: You can't use `macro parameter character #' in vertical mode
Sorry, but I'm not programmed to handle this case;
I'll just pretend that you didn't ask for it.
If you're in the wrong mode, you might be able to
return to the right one by typing `I}' or `I$' or `I\par'.


C:/Users/sggajjar/Documents/R/reprod_research_coursera/project2/PA2_template.md
:138: You can't use `macro parameter character #' in horizontal mode
Sorry, but I'm not programmed to handle this case;
I'll just pretend that you didn't ask for it.
If you're in the wrong mode, you might be able to
return to the right one by typing `I}' or `I$' or `I\par'.

Runaway argument?
-|\\+|\\?|0","1", data.event$PROPDMGEXP) data.event$PROPDMGEXP <- gsu\ETC.
C:/Users/sggajjar/Documents/R/reprod_research_coursera/project2/PA2_template.md
:147: Paragraph ended before \\ was complete
I suspect you've forgotten a `}', causing me to apply this
control sequence to too much text. How can we recover?
My plan is to forget the whole thing and hope for the best.


C:/Users/sggajjar/Documents/R/reprod_research_coursera/project2/PA2_template.md
:147: Missing $ inserted
I've inserted a begin-math/end-math symbol since I think
you left one out. Proceed, with fingers crossed.


C:/Users/sggajjar/Documents/R/reprod_research_coursera/project2/PA2_template.md
:148: You can't use `macro parameter character #' in vertical mode
Sorry, but I'm not programmed to handle this case;
I'll just pretend that you didn't ask for it.
If you're in the wrong mode, you might be able to
return to the right one by typing `I}' or `I$' or `I\par'.

Runaway argument?
-|\\+|\\?|0","1", data.event$CROPDMGEXP) data.event$CROPDMGEXP <- gsu\ETC.
C:/Users/sggajjar/Documents/R/reprod_research_coursera/project2/PA2_template.md
:159: Paragraph ended before \\ was complete
I suspect you've forgotten a `}', causing me to apply this
control sequence to too much text. How can we recover?
My plan is to forget the whole thing and hope for the best.


C:/Users/sggajjar/Documents/R/reprod_research_coursera/project2/PA2_template.md
:159: Missing $ inserted
I've inserted a begin-math/end-math symbol since I think
you left one out. Proceed, with fingers crossed.


Overfull \hbox (156.81184pt too wide) in paragraph at lines 148--159
[]\tenrm Change CROPDMG-EXP mag-ni-tude to nu-meric rep-re-sen-ta-tion data.eve
nt$\teni CROPDMGEXP < \tensy  \teni as:character\tenrm (\teni data:event$\tenrm
 CROPDMGEXP)|

\hbox(7.5+2.5)x469.75499, glue set - 1.0
.\hbox(0.0+0.0)x20.0
.\tenrm C
.\tenrm h
.\tenrm a
.\tenrm n
.etc.


C:/Users/sggajjar/Documents/R/reprod_research_coursera/project2/PA2_template.md
:162: Missing $ inserted
I've inserted a begin-math/end-math symbol since I think
you left one out. Proceed, with fingers crossed.


C:/Users/sggajjar/Documents/R/reprod_research_coursera/project2/PA2_template.md
:166: Missing $ inserted
I've inserted a begin-math/end-math symbol since I think
you left one out. Proceed, with fingers crossed.


C:/Users/sggajjar/Documents/R/reprod_research_coursera/project2/PA2_template.md
:168: You can't use `macro parameter character #' in horizontal mode
Sorry, but I'm not programmed to handle this case;
I'll just pretend that you didn't ask for it.
If you're in the wrong mode, you might be able to
return to the right one by typing `I}' or `I$' or `I\par'.


C:/Users/sggajjar/Documents/R/reprod_research_coursera/project2/PA2_template.md
:168: You can't use `macro parameter character #' in horizontal mode
Sorry, but I'm not programmed to handle this case;
I'll just pretend that you didn't ask for it.
If you're in the wrong mode, you might be able to
return to the right one by typing `I}' or `I$' or `I\par'.


C:/Users/sggajjar/Documents/R/reprod_research_coursera/project2/PA2_template.md
:173: Missing $ inserted
I've inserted a begin-math/end-math symbol since I think
you left one out. Proceed, with fingers crossed.


C:/Users/sggajjar/Documents/R/reprod_research_coursera/project2/PA2_template.md
:178: You can't use `macro parameter character #' in horizontal mode
Sorry, but I'm not programmed to handle this case;
I'll just pretend that you didn't ask for it.
If you're in the wrong mode, you might be able to
return to the right one by typing `I}' or `I$' or `I\par'.


C:/Users/sggajjar/Documents/R/reprod_research_coursera/project2/PA2_template.md
:178: You can't use `macro parameter character #' in horizontal mode
Sorry, but I'm not programmed to handle this case;
I'll just pretend that you didn't ask for it.
If you're in the wrong mode, you might be able to
return to the right one by typing `I}' or `I$' or `I\par'.


C:/Users/sggajjar/Documents/R/reprod_research_coursera/project2/PA2_template.md
:179: You can't use `macro parameter character #' in horizontal mode
Sorry, but I'm not programmed to handle this case;
I'll just pretend that you didn't ask for it.
If you're in the wrong mode, you might be able to
return to the right one by typing `I}' or `I$' or `I\par'.


C:/Users/sggajjar/Documents/R/reprod_research_coursera/project2/PA2_template.md
:179: You can't use `macro parameter character #' in horizontal mode
Sorry, but I'm not programmed to handle this case;
I'll just pretend that you didn't ask for it.
If you're in the wrong mode, you might be able to
return to the right one by typing `I}' or `I$' or `I\par'.


C:/Users/sggajjar/Documents/R/reprod_research_coursera/project2/PA2_template.md
:180: You can't use `macro parameter character #' in horizontal mode
Sorry, but I'm not programmed to handle this case;
I'll just pretend that you didn't ask for it.
If you're in the wrong mode, you might be able to
return to the right one by typing `I}' or `I$' or `I\par'.


C:/Users/sggajjar/Documents/R/reprod_research_coursera/project2/PA2_template.md
:180: You can't use `macro parameter character #' in horizontal mode
Sorry, but I'm not programmed to handle this case;
I'll just pretend that you didn't ask for it.
If you're in the wrong mode, you might be able to
return to the right one by typing `I}' or `I$' or `I\par'.


C:/Users/sggajjar/Documents/R/reprod_research_coursera/project2/PA2_template.md
:181: You can't use `macro parameter character #' in horizontal mode
Sorry, but I'm not programmed to handle this case;
I'll just pretend that you didn't ask for it.
If you're in the wrong mode, you might be able to
return to the right one by typing `I}' or `I$' or `I\par'.


C:/Users/sggajjar/Documents/R/reprod_research_coursera/project2/PA2_template.md
:181: You can't use `macro parameter character #' in horizontal mode
Sorry, but I'm not programmed to handle this case;
I'll just pretend that you didn't ask for it.
If you're in the wrong mode, you might be able to
return to the right one by typing `I}' or `I$' or `I\par'.


C:/Users/sggajjar/Documents/R/reprod_research_coursera/project2/PA2_template.md
:182: You can't use `macro parameter character #' in horizontal mode
Sorry, but I'm not programmed to handle this case;
I'll just pretend that you didn't ask for it.
If you're in the wrong mode, you might be able to
return to the right one by typing `I}' or `I$' or `I\par'.


C:/Users/sggajjar/Documents/R/reprod_research_coursera/project2/PA2_template.md
:182: You can't use `macro parameter character #' in horizontal mode
Sorry, but I'm not programmed to handle this case;
I'll just pretend that you didn't ask for it.
If you're in the wrong mode, you might be able to
return to the right one by typing `I}' or `I$' or `I\par'.


C:/Users/sggajjar/Documents/R/reprod_research_coursera/project2/PA2_template.md
:183: You can't use `macro parameter character #' in horizontal mode
Sorry, but I'm not programmed to handle this case;
I'll just pretend that you didn't ask for it.
If you're in the wrong mode, you might be able to
return to the right one by typing `I}' or `I$' or `I\par'.


C:/Users/sggajjar/Documents/R/reprod_research_coursera/project2/PA2_template.md
:183: You can't use `macro parameter character #' in horizontal mode
Sorry, but I'm not programmed to handle this case;
I'll just pretend that you didn't ask for it.
If you're in the wrong mode, you might be able to
return to the right one by typing `I}' or `I$' or `I\par'.


C:/Users/sggajjar/Documents/R/reprod_research_coursera/project2/PA2_template.md
:184: You can't use `macro parameter character #' in horizontal mode
Sorry, but I'm not programmed to handle this case;
I'll just pretend that you didn't ask for it.
If you're in the wrong mode, you might be able to
return to the right one by typing `I}' or `I$' or `I\par'.


C:/Users/sggajjar/Documents/R/reprod_research_coursera/project2/PA2_template.md
:184: You can't use `macro parameter character #' in horizontal mode
Sorry, but I'm not programmed to handle this case;
I'll just pretend that you didn't ask for it.
If you're in the wrong mode, you might be able to
return to the right one by typing `I}' or `I$' or `I\par'.


C:/Users/sggajjar/Documents/R/reprod_research_coursera/project2/PA2_template.md
:185: You can't use `macro parameter character #' in horizontal mode
Sorry, but I'm not programmed to handle this case;
I'll just pretend that you didn't ask for it.
If you're in the wrong mode, you might be able to
return to the right one by typing `I}' or `I$' or `I\par'.


C:/Users/sggajjar/Documents/R/reprod_research_coursera/project2/PA2_template.md
:185: You can't use `macro parameter character #' in horizontal mode
Sorry, but I'm not programmed to handle this case;
I'll just pretend that you didn't ask for it.
If you're in the wrong mode, you might be able to
return to the right one by typing `I}' or `I$' or `I\par'.


C:/Users/sggajjar/Documents/R/reprod_research_coursera/project2/PA2_template.md
:186: You can't use `macro parameter character #' in horizontal mode
Sorry, but I'm not programmed to handle this case;
I'll just pretend that you didn't ask for it.
If you're in the wrong mode, you might be able to
return to the right one by typing `I}' or `I$' or `I\par'.


C:/Users/sggajjar/Documents/R/reprod_research_coursera/project2/PA2_template.md
:186: You can't use `macro parameter character #' in horizontal mode
Sorry, but I'm not programmed to handle this case;
I'll just pretend that you didn't ask for it.
If you're in the wrong mode, you might be able to
return to the right one by typing `I}' or `I$' or `I\par'.


C:/Users/sggajjar/Documents/R/reprod_research_coursera/project2/PA2_template.md
:190: You can't use `macro parameter character #' in horizontal mode
Sorry, but I'm not programmed to handle this case;
I'll just pretend that you didn't ask for it.
If you're in the wrong mode, you might be able to
return to the right one by typing `I}' or `I$' or `I\par'.


C:/Users/sggajjar/Documents/R/reprod_research_coursera/project2/PA2_template.md
:191: Missing $ inserted
I've inserted a begin-math/end-math symbol since I think
you left one out. Proceed, with fingers crossed.


C:/Users/sggajjar/Documents/R/reprod_research_coursera/project2/PA2_template.md
:197: Missing $ inserted
I've inserted a begin-math/end-math symbol since I think
you left one out. Proceed, with fingers crossed.


C:/Users/sggajjar/Documents/R/reprod_research_coursera/project2/PA2_template.md
:199: You can't use `macro parameter character #' in math mode
Sorry, but I'm not programmed to handle this case;
I'll just pretend that you didn't ask for it.
If you're in the wrong mode, you might be able to
return to the right one by typing `I}' or `I$' or `I\par'.


C:/Users/sggajjar/Documents/R/reprod_research_coursera/project2/PA2_template.md
:199: You can't use `macro parameter character #' in math mode
Sorry, but I'm not programmed to handle this case;
I'll just pretend that you didn't ask for it.
If you're in the wrong mode, you might be able to
return to the right one by typing `I}' or `I$' or `I\par'.


Overfull \hbox (2.63103pt too wide) in paragraph at lines 189--200
[]\tenrm ```r plot p3 <- gg-plot(econ, aes(factor(EVTYPE), y = econ/10$[])) + \
teni geom[]ar\tenrm (\teni aes\tenrm (\teni fill \tenrm = \teni EVTYPE\tenrm )\
teni ; stat \tenrm =|

\hbox(8.14003+2.5)x469.75499, glue set - 1.0
.\hbox(0.0+0.0)x20.0
.\tenrm \ (ligature ``)
.\tenrm `
.\tenrm r
.\glue 3.33333 plus 1.66666 minus 1.11111
.etc.


Overfull \hbox (114.16664pt too wide) in paragraph at lines 189--200
\tenrm tle("Overall - Top 10 events that have the great-est eco-nomic con-se-qu
ences") + theme(axis.text.x = element$[]\teni lank\tenrm ())\`\teni Propertydam
age\tenrm ($) |

\hbox(7.5+2.5)x469.75499, glue set - 1.0
.\tenrm t
.\tenrm l
.\tenrm e
.\tenrm (
.\tenrm "
.etc.


C:/Users/sggajjar/Documents/R/reprod_research_coursera/project2/PA2_template.md
:205: Missing $ inserted
I've inserted a begin-math/end-math symbol since I think
you left one out. Proceed, with fingers crossed.


C:/Users/sggajjar/Documents/R/reprod_research_coursera/project2/PA2_template.md
:207: Missing $ inserted
I've inserted a begin-math/end-math symbol since I think
you left one out. Proceed, with fingers crossed.


C:/Users/sggajjar/Documents/R/reprod_research_coursera/project2/PA2_template.md
:213: Missing $ inserted
I've inserted a begin-math/end-math symbol since I think
you left one out. Proceed, with fingers crossed.


C:/Users/sggajjar/Documents/R/reprod_research_coursera/project2/PA2_template.md
:215: Missing $ inserted
I've inserted a begin-math/end-math symbol since I think
you left one out. Proceed, with fingers crossed.


Overfull \hbox (9.39554pt too wide) in paragraph at lines 206--215
\teni factor\tenrm (\teni EVTYPE\tenrm ))) + \teni geom[]ar\tenrm (\teni aes\te
nrm (\teni fill \tenrm = \teni EVTYPE\tenrm )\teni ; stat \tenrm = "\teni ident
ity\tenrm ") + \teni theme[]w\tenrm () + \teni xlab\tenrm ("\teni EventType\ten
rm ") +|

\hbox(7.5+2.5)x469.75499, glue set - 1.0
.\teni f
.\kern1.0764
.\teni a
.\teni c
.\teni t
.etc.


C:/Users/sggajjar/Documents/R/reprod_research_coursera/project2/PA2_template.md
:216: You can't use `macro parameter character #' in vertical mode
Sorry, but I'm not programmed to handle this case;
I'll just pretend that you didn't ask for it.
If you're in the wrong mode, you might be able to
return to the right one by typing `I}' or `I$' or `I\par'.


C:/Users/sggajjar/Documents/R/reprod_research_coursera/project2/PA2_template.md
:216: You can't use `macro parameter character #' in vertical mode
Sorry, but I'm not programmed to handle this case;
I'll just pretend that you didn't ask for it.
If you're in the wrong mode, you might be able to
return to the right one by typing `I}' or `I$' or `I\par'.


C:/Users/sggajjar/Documents/R/reprod_research_coursera/project2/PA2_template.md
:217: Missing $ inserted
I've inserted a begin-math/end-math symbol since I think
you left one out. Proceed, with fingers crossed.


C:/Users/sggajjar/Documents/R/reprod_research_coursera/project2/PA2_template.md
:222: Missing $ inserted
I've inserted a begin-math/end-math symbol since I think
you left one out. Proceed, with fingers crossed.


C:/Users/sggajjar/Documents/R/reprod_research_coursera/project2/PA2_template.md
:224: Missing $ inserted
I've inserted a begin-math/end-math symbol since I think
you left one out. Proceed, with fingers crossed.


C:/Users/sggajjar/Documents/R/reprod_research_coursera/project2/PA2_template.md
:230: Missing $ inserted
I've inserted a begin-math/end-math symbol since I think
you left one out. Proceed, with fingers crossed.


C:/Users/sggajjar/Documents/R/reprod_research_coursera/project2/PA2_template.md
:232: Missing $ inserted
I've inserted a begin-math/end-math symbol since I think
you left one out. Proceed, with fingers crossed.


Overfull \hbox (9.39554pt too wide) in paragraph at lines 223--232
\teni factor\tenrm (\teni EVTYPE\tenrm ))) + \teni geom[]ar\tenrm (\teni aes\te
nrm (\teni fill \tenrm = \teni EVTYPE\tenrm )\teni ; stat \tenrm = "\teni ident
ity\tenrm ") + \teni theme[]w\tenrm () + \teni xlab\tenrm ("\teni EventType\ten
rm ") +|

\hbox(7.5+2.5)x469.75499, glue set - 1.0
.\teni f
.\kern1.0764
.\teni a
.\teni c
.\teni t
.etc.


C:/Users/sggajjar/Documents/R/reprod_research_coursera/project2/PA2_template.md
:233: You can't use `macro parameter character #' in vertical mode
Sorry, but I'm not programmed to handle this case;
I'll just pretend that you didn't ask for it.
If you're in the wrong mode, you might be able to
return to the right one by typing `I}' or `I$' or `I\par'.


C:/Users/sggajjar/Documents/R/reprod_research_coursera/project2/PA2_template.md
:244: Missing $ inserted
I've inserted a begin-math/end-math symbol since I think
you left one out. Proceed, with fingers crossed.


C:/Users/sggajjar/Documents/R/reprod_research_coursera/project2/PA2_template.md
:247: Missing $ inserted
I've inserted a begin-math/end-math symbol since I think
you left one out. Proceed, with fingers crossed.


C:/Users/sggajjar/Documents/R/reprod_research_coursera/project2/PA2_template.md
:250: Missing $ inserted
I've inserted a begin-math/end-math symbol since I think
you left one out. Proceed, with fingers crossed.


C:/Users/sggajjar/Documents/R/reprod_research_coursera/project2/PA2_template.md
:272: You can't use `macro parameter character #' in horizontal mode
Sorry, but I'm not programmed to handle this case;
I'll just pretend that you didn't ask for it.
If you're in the wrong mode, you might be able to
return to the right one by typing `I}' or `I$' or `I\par'.

)
! Emergency stop
*** (job aborted, no legal \end found)

!  ==> Fatal error occurred, no output PDF file produced!
